{
  "RSpec": {
    "coverage": {
      "/home/lite-scraper-9134/tic-tac-toe-rb-ruby-apply-000/lib/tic_tac_toe.rb": [
        null,
        1,
        null,
        null,
        null,
        null,
        null,
        null,
        null,
        null,
        null,
        1,
        14,
        14,
        14,
        14,
        14,
        null,
        null,
        1,
        16,
        null,
        null,
        1,
        15,
        null,
        null,
        1,
        94,
        null,
        null,
        1,
        16,
        null,
        null,
        1,
        13,
        13,
        13,
        13,
        12,
        12,
        null,
        1,
        null,
        null,
        null,
        1,
        14,
        14,
        126,
        10,
        null,
        null,
        14,
        null,
        null,
        1,
        13,
        null,
        null,
        1,
        11,
        11,
        4,
        7,
        3,
        null,
        null,
        null,
        1,
        43,
        266,
        null,
        null,
        null,
        null,
        null,
        1,
        103,
        null,
        null,
        1,
        16,
        null,
        null,
        1,
        13,
        null,
        null,
        1,
        6,
        5,
        null,
        null
      ]
    },
    "timestamp": 1591983136
  }
}
